The system is: Linux - 5.3.0-59-generic - x86_64
Compiling the C compiler identification source file "CMakeCCompilerId.c" succeeded.
Compiler: /usr/bin/cc 
Build flags: 
Id flags:  

The output was:
0


Compilation of the C compiler identification source "CMakeCCompilerId.c" produced "a.out"

The C compiler identification is GNU, found in "/home/javier/workspace/glfw-3.3.2/CMakeFiles/3.10.2/CompilerIdC/a.out"

Determining if the C compiler works passed with the following output:
Change Dir: /home/javier/workspace/glfw-3.3.2/CMakeFiles/CMakeTmp

Run Build Command:"/usr/bin/make" "cmTC_7bebb/fast"
/usr/bin/make -f CMakeFiles/cmTC_7bebb.dir/build.make CMakeFiles/cmTC_7bebb.dir/build
make[1]: Entering directory '/home/javier/workspace/glfw-3.3.2/CMakeFiles/CMakeTmp'
Building C object CMakeFiles/cmTC_7bebb.dir/testCCompiler.c.o
/usr/bin/cc    -o CMakeFiles/cmTC_7bebb.dir/testCCompiler.c.o   -c /home/javier/workspace/glfw-3.3.2/CMakeFiles/CMakeTmp/testCCompiler.c
Linking C executable cmTC_7bebb
/usr/bin/cmake -E cmake_link_script CMakeFiles/cmTC_7bebb.dir/link.txt --verbose=1
/usr/bin/cc      -rdynamic CMakeFiles/cmTC_7bebb.dir/testCCompiler.c.o  -o cmTC_7bebb 
make[1]: Leaving directory '/home/javier/workspace/glfw-3.3.2/CMakeFiles/CMakeTmp'


Detecting C compiler ABI info compiled with the following output:
Change Dir: /home/javier/workspace/glfw-3.3.2/CMakeFiles/CMakeTmp

Run Build Command:"/usr/bin/make" "cmTC_8ee16/fast"
/usr/bin/make -f CMakeFiles/cmTC_8ee16.dir/build.make CMakeFiles/cmTC_8ee16.dir/build
make[1]: Entering directory '/home/javier/workspace/glfw-3.3.2/CMakeFiles/CMakeTmp'
Building C object CMakeFiles/cmTC_8ee16.dir/CMakeCCompilerABI.c.o
/usr/bin/cc    -o CMakeFiles/cmTC_8ee16.dir/CMakeCCompilerABI.c.o   -c /usr/share/cmake-3.10/Modules/CMakeCCompilerABI.c
Linking C executable cmTC_8ee16
/usr/bin/cmake -E cmake_link_script CMakeFiles/cmTC_8ee16.dir/link.txt --verbose=1
/usr/bin/cc     -v -rdynamic CMakeFiles/cmTC_8ee16.dir/CMakeCCompilerABI.c.o  -o cmTC_8ee16 
Using built-in specs.
COLLECT_GCC=/usr/bin/cc
COLLECT_LTO_WRAPPER=/usr/lib/gcc/x86_64-linux-gnu/7/lto-wrapper
OFFLOAD_TARGET_NAMES=nvptx-none
OFFLOAD_TARGET_DEFAULT=1
Target: x86_64-linux-gnu
Configured with: ../src/configure -v --with-pkgversion='Ubuntu 7.5.0-3ubuntu1~18.04' --with-bugurl=file:///usr/share/doc/gcc-7/README.Bugs --enable-languages=c,ada,c++,go,brig,d,fortran,objc,obj-c++ --prefix=/usr --with-gcc-major-version-only --program-suffix=-7 --program-prefix=x86_64-linux-gnu- --enable-shared --enable-linker-build-id --libexecdir=/usr/lib --without-included-gettext --enable-threads=posix --libdir=/usr/lib --enable-nls --enable-bootstrap --enable-clocale=gnu --enable-libstdcxx-debug --enable-libstdcxx-time=yes --with-default-libstdcxx-abi=new --enable-gnu-unique-object --disable-vtable-verify --enable-libmpx --enable-plugin --enable-default-pie --with-system-zlib --with-target-system-zlib --enable-objc-gc=auto --enable-multiarch --disable-werror --with-arch-32=i686 --with-abi=m64 --with-multilib-list=m32,m64,mx32 --enable-multilib --with-tune=generic --enable-offload-targets=nvptx-none --without-cuda-driver --enable-checking=release --build=x86_64-linux-gnu --host=x86_64-linux-gnu --target=x86_64-linux-gnu
Thread model: posix
gcc version 7.5.0 (Ubuntu 7.5.0-3ubuntu1~18.04) 
COMPILER_PATH=/usr/lib/gcc/x86_64-linux-gnu/7/:/usr/lib/gcc/x86_64-linux-gnu/7/:/usr/lib/gcc/x86_64-linux-gnu/:/usr/lib/gcc/x86_64-linux-gnu/7/:/usr/lib/gcc/x86_64-linux-gnu/
LIBRARY_PATH=/usr/lib/gcc/x86_64-linux-gnu/7/:/usr/lib/gcc/x86_64-linux-gnu/7/../../../x86_64-linux-gnu/:/usr/lib/gcc/x86_64-linux-gnu/7/../../../../lib/:/lib/x86_64-linux-gnu/:/lib/../lib/:/usr/lib/x86_64-linux-gnu/:/usr/lib/../lib/:/usr/lib/gcc/x86_64-linux-gnu/7/../../../:/lib/:/usr/lib/
COLLECT_GCC_OPTIONS='-v' '-rdynamic' '-o' 'cmTC_8ee16' '-mtune=generic' '-march=x86-64'
 /usr/lib/gcc/x86_64-linux-gnu/7/collect2 -plugin /usr/lib/gcc/x86_64-linux-gnu/7/liblto_plugin.so -plugin-opt=/usr/lib/gcc/x86_64-linux-gnu/7/lto-wrapper -plugin-opt=-fresolution=/tmp/ccMuoet0.res -plugin-opt=-pass-through=-lgcc -plugin-opt=-pass-through=-lgcc_s -plugin-opt=-pass-through=-lc -plugin-opt=-pass-through=-lgcc -plugin-opt=-pass-through=-lgcc_s --build-id --eh-frame-hdr -m elf_x86_64 --hash-style=gnu --as-needed -export-dynamic -dynamic-linker /lib64/ld-linux-x86-64.so.2 -pie -z now -z relro -o cmTC_8ee16 /usr/lib/gcc/x86_64-linux-gnu/7/../../../x86_64-linux-gnu/Scrt1.o /usr/lib/gcc/x86_64-linux-gnu/7/../../../x86_64-linux-gnu/crti.o /usr/lib/gcc/x86_64-linux-gnu/7/crtbeginS.o -L/usr/lib/gcc/x86_64-linux-gnu/7 -L/usr/lib/gcc/x86_64-linux-gnu/7/../../../x86_64-linux-gnu -L/usr/lib/gcc/x86_64-linux-gnu/7/../../../../lib -L/lib/x86_64-linux-gnu -L/lib/../lib -L/usr/lib/x86_64-linux-gnu -L/usr/lib/../lib -L/usr/lib/gcc/x86_64-linux-gnu/7/../../.. CMakeFiles/cmTC_8ee16.dir/CMakeCCompilerABI.c.o -lgcc --push-state --as-needed -lgcc_s --pop-state -lc -lgcc --push-state --as-needed -lgcc_s --pop-state /usr/lib/gcc/x86_64-linux-gnu/7/crtendS.o /usr/lib/gcc/x86_64-linux-gnu/7/../../../x86_64-linux-gnu/crtn.o
COLLECT_GCC_OPTIONS='-v' '-rdynamic' '-o' 'cmTC_8ee16' '-mtune=generic' '-march=x86-64'
make[1]: Leaving directory '/home/javier/workspace/glfw-3.3.2/CMakeFiles/CMakeTmp'


Parsed C implicit link information from above output:
  link line regex: [^( *|.*[/\])(ld|CMAKE_LINK_STARTFILE-NOTFOUND|([^/\]+-)?ld|collect2)[^/\]*( |$)]
  ignore line: [Change Dir: /home/javier/workspace/glfw-3.3.2/CMakeFiles/CMakeTmp]
  ignore line: []
  ignore line: [Run Build Command:"/usr/bin/make" "cmTC_8ee16/fast"]
  ignore line: [/usr/bin/make -f CMakeFiles/cmTC_8ee16.dir/build.make CMakeFiles/cmTC_8ee16.dir/build]
  ignore line: [make[1]: Entering directory '/home/javier/workspace/glfw-3.3.2/CMakeFiles/CMakeTmp']
  ignore line: [Building C object CMakeFiles/cmTC_8ee16.dir/CMakeCCompilerABI.c.o]
  ignore line: [/usr/bin/cc    -o CMakeFiles/cmTC_8ee16.dir/CMakeCCompilerABI.c.o   -c /usr/share/cmake-3.10/Modules/CMakeCCompilerABI.c]
  ignore line: [Linking C executable cmTC_8ee16]
  ignore line: [/usr/bin/cmake -E cmake_link_script CMakeFiles/cmTC_8ee16.dir/link.txt --verbose=1]
  ignore line: [/usr/bin/cc     -v -rdynamic CMakeFiles/cmTC_8ee16.dir/CMakeCCompilerABI.c.o  -o cmTC_8ee16 ]
  ignore line: [Using built-in specs.]
  ignore line: [COLLECT_GCC=/usr/bin/cc]
  ignore line: [COLLECT_LTO_WRAPPER=/usr/lib/gcc/x86_64-linux-gnu/7/lto-wrapper]
  ignore line: [OFFLOAD_TARGET_NAMES=nvptx-none]
  ignore line: [OFFLOAD_TARGET_DEFAULT=1]
  ignore line: [Target: x86_64-linux-gnu]
  ignore line: [Configured with: ../src/configure -v --with-pkgversion='Ubuntu 7.5.0-3ubuntu1~18.04' --with-bugurl=file:///usr/share/doc/gcc-7/README.Bugs --enable-languages=c,ada,c++,go,brig,d,fortran,objc,obj-c++ --prefix=/usr --with-gcc-major-version-only --program-suffix=-7 --program-prefix=x86_64-linux-gnu- --enable-shared --enable-linker-build-id --libexecdir=/usr/lib --without-included-gettext --enable-threads=posix --libdir=/usr/lib --enable-nls --enable-bootstrap --enable-clocale=gnu --enable-libstdcxx-debug --enable-libstdcxx-time=yes --with-default-libstdcxx-abi=new --enable-gnu-unique-object --disable-vtable-verify --enable-libmpx --enable-plugin --enable-default-pie --with-system-zlib --with-target-system-zlib --enable-objc-gc=auto --enable-multiarch --disable-werror --with-arch-32=i686 --with-abi=m64 --with-multilib-list=m32,m64,mx32 --enable-multilib --with-tune=generic --enable-offload-targets=nvptx-none --without-cuda-driver --enable-checking=release --build=x86_64-linux-gnu --host=x86_64-linux-gnu --target=x86_64-linux-gnu]
  ignore line: [Thread model: posix]
  ignore line: [gcc version 7.5.0 (Ubuntu 7.5.0-3ubuntu1~18.04) ]
  ignore line: [COMPILER_PATH=/usr/lib/gcc/x86_64-linux-gnu/7/:/usr/lib/gcc/x86_64-linux-gnu/7/:/usr/lib/gcc/x86_64-linux-gnu/:/usr/lib/gcc/x86_64-linux-gnu/7/:/usr/lib/gcc/x86_64-linux-gnu/]
  ignore line: [LIBRARY_PATH=/usr/lib/gcc/x86_64-linux-gnu/7/:/usr/lib/gcc/x86_64-linux-gnu/7/../../../x86_64-linux-gnu/:/usr/lib/gcc/x86_64-linux-gnu/7/../../../../lib/:/lib/x86_64-linux-gnu/:/lib/../lib/:/usr/lib/x86_64-linux-gnu/:/usr/lib/../lib/:/usr/lib/gcc/x86_64-linux-gnu/7/../../../:/lib/:/usr/lib/]
  ignore line: [COLLECT_GCC_OPTIONS='-v' '-rdynamic' '-o' 'cmTC_8ee16' '-mtune=generic' '-march=x86-64']
  link line: [ /usr/lib/gcc/x86_64-linux-gnu/7/collect2 -plugin /usr/lib/gcc/x86_64-linux-gnu/7/liblto_plugin.so -plugin-opt=/usr/lib/gcc/x86_64-linux-gnu/7/lto-wrapper -plugin-opt=-fresolution=/tmp/ccMuoet0.res -plugin-opt=-pass-through=-lgcc -plugin-opt=-pass-through=-lgcc_s -plugin-opt=-pass-through=-lc -plugin-opt=-pass-through=-lgcc -plugin-opt=-pass-through=-lgcc_s --build-id --eh-frame-hdr -m elf_x86_64 --hash-style=gnu --as-needed -export-dynamic -dynamic-linker /lib64/ld-linux-x86-64.so.2 -pie -z now -z relro -o cmTC_8ee16 /usr/lib/gcc/x86_64-linux-gnu/7/../../../x86_64-linux-gnu/Scrt1.o /usr/lib/gcc/x86_64-linux-gnu/7/../../../x86_64-linux-gnu/crti.o /usr/lib/gcc/x86_64-linux-gnu/7/crtbeginS.o -L/usr/lib/gcc/x86_64-linux-gnu/7 -L/usr/lib/gcc/x86_64-linux-gnu/7/../../../x86_64-linux-gnu -L/usr/lib/gcc/x86_64-linux-gnu/7/../../../../lib -L/lib/x86_64-linux-gnu -L/lib/../lib -L/usr/lib/x86_64-linux-gnu -L/usr/lib/../lib -L/usr/lib/gcc/x86_64-linux-gnu/7/../../.. CMakeFiles/cmTC_8ee16.dir/CMakeCCompilerABI.c.o -lgcc --push-state --as-needed -lgcc_s --pop-state -lc -lgcc --push-state --as-needed -lgcc_s --pop-state /usr/lib/gcc/x86_64-linux-gnu/7/crtendS.o /usr/lib/gcc/x86_64-linux-gnu/7/../../../x86_64-linux-gnu/crtn.o]
    arg [/usr/lib/gcc/x86_64-linux-gnu/7/collect2] ==> ignore
    arg [-plugin] ==> ignore
    arg [/usr/lib/gcc/x86_64-linux-gnu/7/liblto_plugin.so] ==> ignore
    arg [-plugin-opt=/usr/lib/gcc/x86_64-linux-gnu/7/lto-wrapper] ==> ignore
    arg [-plugin-opt=-fresolution=/tmp/ccMuoet0.res] ==> ignore
    arg [-plugin-opt=-pass-through=-lgcc] ==> ignore
    arg [-plugin-opt=-pass-through=-lgcc_s] ==> ignore
    arg [-plugin-opt=-pass-through=-lc] ==> ignore
    arg [-plugin-opt=-pass-through=-lgcc] ==> ignore
    arg [-plugin-opt=-pass-through=-lgcc_s] ==> ignore
    arg [--build-id] ==> ignore
    arg [--eh-frame-hdr] ==> ignore
    arg [-m] ==> ignore
    arg [elf_x86_64] ==> ignore
    arg [--hash-style=gnu] ==> ignore
    arg [--as-needed] ==> ignore
    arg [-export-dynamic] ==> ignore
    arg [-dynamic-linker] ==> ignore
    arg [/lib64/ld-linux-x86-64.so.2] ==> ignore
    arg [-pie] ==> ignore
    arg [-znow] ==> ignore
    arg [-zrelro] ==> ignore
    arg [-o] ==> ignore
    arg [cmTC_8ee16] ==> ignore
    arg [/usr/lib/gcc/x86_64-linux-gnu/7/../../../x86_64-linux-gnu/Scrt1.o] ==> ignore
    arg [/usr/lib/gcc/x86_64-linux-gnu/7/../../../x86_64-linux-gnu/crti.o] ==> ignore
    arg [/usr/lib/gcc/x86_64-linux-gnu/7/crtbeginS.o] ==> ignore
    arg [-L/usr/lib/gcc/x86_64-linux-gnu/7] ==> dir [/usr/lib/gcc/x86_64-linux-gnu/7]
    arg [-L/usr/lib/gcc/x86_64-linux-gnu/7/../../../x86_64-linux-gnu] ==> dir [/usr/lib/gcc/x86_64-linux-gnu/7/../../../x86_64-linux-gnu]
    arg [-L/usr/lib/gcc/x86_64-linux-gnu/7/../../../../lib] ==> dir [/usr/lib/gcc/x86_64-linux-gnu/7/../../../../lib]
    arg [-L/lib/x86_64-linux-gnu] ==> dir [/lib/x86_64-linux-gnu]
    arg [-L/lib/../lib] ==> dir [/lib/../lib]
    arg [-L/usr/lib/x86_64-linux-gnu] ==> dir [/usr/lib/x86_64-linux-gnu]
    arg [-L/usr/lib/../lib] ==> dir [/usr/lib/../lib]
    arg [-L/usr/lib/gcc/x86_64-linux-gnu/7/../../..] ==> dir [/usr/lib/gcc/x86_64-linux-gnu/7/../../..]
    arg [CMakeFiles/cmTC_8ee16.dir/CMakeCCompilerABI.c.o] ==> ignore
    arg [-lgcc] ==> lib [gcc]
    arg [--push-state] ==> ignore
    arg [--as-needed] ==> ignore
    arg [-lgcc_s] ==> lib [gcc_s]
    arg [--pop-state] ==> ignore
    arg [-lc] ==> lib [c]
    arg [-lgcc] ==> lib [gcc]
    arg [--push-state] ==> ignore
    arg [--as-needed] ==> ignore
    arg [-lgcc_s] ==> lib [gcc_s]
    arg [--pop-state] ==> ignore
    arg [/usr/lib/gcc/x86_64-linux-gnu/7/crtendS.o] ==> ignore
    arg [/usr/lib/gcc/x86_64-linux-gnu/7/../../../x86_64-linux-gnu/crtn.o] ==> ignore
  collapse library dir [/usr/lib/gcc/x86_64-linux-gnu/7] ==> [/usr/lib/gcc/x86_64-linux-gnu/7]
  collapse library dir [/usr/lib/gcc/x86_64-linux-gnu/7/../../../x86_64-linux-gnu] ==> [/usr/lib/x86_64-linux-gnu]
  collapse library dir [/usr/lib/gcc/x86_64-linux-gnu/7/../../../../lib] ==> [/usr/lib]
  collapse library dir [/lib/x86_64-linux-gnu] ==> [/lib/x86_64-linux-gnu]
  collapse library dir [/lib/../lib] ==> [/lib]
  collapse library dir [/usr/lib/x86_64-linux-gnu] ==> [/usr/lib/x86_64-linux-gnu]
  collapse library dir [/usr/lib/../lib] ==> [/usr/lib]
  collapse library dir [/usr/lib/gcc/x86_64-linux-gnu/7/../../..] ==> [/usr/lib]
  implicit libs: [gcc;gcc_s;c;gcc;gcc_s]
  implicit dirs: [/usr/lib/gcc/x86_64-linux-gnu/7;/usr/lib/x86_64-linux-gnu;/usr/lib;/lib/x86_64-linux-gnu;/lib]
  implicit fwks: []




Detecting C [-std=c11] compiler features compiled with the following output:
Change Dir: /home/javier/workspace/glfw-3.3.2/CMakeFiles/CMakeTmp

Run Build Command:"/usr/bin/make" "cmTC_1922d/fast"
/usr/bin/make -f CMakeFiles/cmTC_1922d.dir/build.make CMakeFiles/cmTC_1922d.dir/build
make[1]: Entering directory '/home/javier/workspace/glfw-3.3.2/CMakeFiles/CMakeTmp'
Building C object CMakeFiles/cmTC_1922d.dir/feature_tests.c.o
/usr/bin/cc   -std=c11 -o CMakeFiles/cmTC_1922d.dir/feature_tests.c.o   -c /home/javier/workspace/glfw-3.3.2/CMakeFiles/feature_tests.c
Linking C executable cmTC_1922d
/usr/bin/cmake -E cmake_link_script CMakeFiles/cmTC_1922d.dir/link.txt --verbose=1
/usr/bin/cc      -rdynamic CMakeFiles/cmTC_1922d.dir/feature_tests.c.o  -o cmTC_1922d 
make[1]: Leaving directory '/home/javier/workspace/glfw-3.3.2/CMakeFiles/CMakeTmp'


    Feature record: C_FEATURE:1c_function_prototypes
    Feature record: C_FEATURE:1c_restrict
    Feature record: C_FEATURE:1c_static_assert
    Feature record: C_FEATURE:1c_variadic_macros


Detecting C [-std=c99] compiler features compiled with the following output:
Change Dir: /home/javier/workspace/glfw-3.3.2/CMakeFiles/CMakeTmp

Run Build Command:"/usr/bin/make" "cmTC_7f7ac/fast"
/usr/bin/make -f CMakeFiles/cmTC_7f7ac.dir/build.make CMakeFiles/cmTC_7f7ac.dir/build
make[1]: Entering directory '/home/javier/workspace/glfw-3.3.2/CMakeFiles/CMakeTmp'
Building C object CMakeFiles/cmTC_7f7ac.dir/feature_tests.c.o
/usr/bin/cc   -std=c99 -o CMakeFiles/cmTC_7f7ac.dir/feature_tests.c.o   -c /home/javier/workspace/glfw-3.3.2/CMakeFiles/feature_tests.c
Linking C executable cmTC_7f7ac
/usr/bin/cmake -E cmake_link_script CMakeFiles/cmTC_7f7ac.dir/link.txt --verbose=1
/usr/bin/cc      -rdynamic CMakeFiles/cmTC_7f7ac.dir/feature_tests.c.o  -o cmTC_7f7ac 
make[1]: Leaving directory '/home/javier/workspace/glfw-3.3.2/CMakeFiles/CMakeTmp'


    Feature record: C_FEATURE:1c_function_prototypes
    Feature record: C_FEATURE:1c_restrict
    Feature record: C_FEATURE:0c_static_assert
    Feature record: C_FEATURE:1c_variadic_macros


Detecting C [-std=c90] compiler features compiled with the following output:
Change Dir: /home/javier/workspace/glfw-3.3.2/CMakeFiles/CMakeTmp

Run Build Command:"/usr/bin/make" "cmTC_36021/fast"
/usr/bin/make -f CMakeFiles/cmTC_36021.dir/build.make CMakeFiles/cmTC_36021.dir/build
make[1]: Entering directory '/home/javier/workspace/glfw-3.3.2/CMakeFiles/CMakeTmp'
Building C object CMakeFiles/cmTC_36021.dir/feature_tests.c.o
/usr/bin/cc   -std=c90 -o CMakeFiles/cmTC_36021.dir/feature_tests.c.o   -c /home/javier/workspace/glfw-3.3.2/CMakeFiles/feature_tests.c
Linking C executable cmTC_36021
/usr/bin/cmake -E cmake_link_script CMakeFiles/cmTC_36021.dir/link.txt --verbose=1
/usr/bin/cc      -rdynamic CMakeFiles/cmTC_36021.dir/feature_tests.c.o  -o cmTC_36021 
make[1]: Leaving directory '/home/javier/workspace/glfw-3.3.2/CMakeFiles/CMakeTmp'


    Feature record: C_FEATURE:1c_function_prototypes
    Feature record: C_FEATURE:0c_restrict
    Feature record: C_FEATURE:0c_static_assert
    Feature record: C_FEATURE:0c_variadic_macros
Determining if the include file pthread.h exists passed with the following output:
Change Dir: /home/javier/workspace/glfw-3.3.2/CMakeFiles/CMakeTmp

Run Build Command:"/usr/bin/make" "cmTC_62d53/fast"
/usr/bin/make -f CMakeFiles/cmTC_62d53.dir/build.make CMakeFiles/cmTC_62d53.dir/build
make[1]: Entering directory '/home/javier/workspace/glfw-3.3.2/CMakeFiles/CMakeTmp'
Building C object CMakeFiles/cmTC_62d53.dir/CheckIncludeFile.c.o
/usr/bin/cc    -o CMakeFiles/cmTC_62d53.dir/CheckIncludeFile.c.o   -c /home/javier/workspace/glfw-3.3.2/CMakeFiles/CMakeTmp/CheckIncludeFile.c
Linking C executable cmTC_62d53
/usr/bin/cmake -E cmake_link_script CMakeFiles/cmTC_62d53.dir/link.txt --verbose=1
/usr/bin/cc      -rdynamic CMakeFiles/cmTC_62d53.dir/CheckIncludeFile.c.o  -o cmTC_62d53 
make[1]: Leaving directory '/home/javier/workspace/glfw-3.3.2/CMakeFiles/CMakeTmp'


Determining if the function pthread_create exists in the pthread passed with the following output:
Change Dir: /home/javier/workspace/glfw-3.3.2/CMakeFiles/CMakeTmp

Run Build Command:"/usr/bin/make" "cmTC_14029/fast"
/usr/bin/make -f CMakeFiles/cmTC_14029.dir/build.make CMakeFiles/cmTC_14029.dir/build
make[1]: Entering directory '/home/javier/workspace/glfw-3.3.2/CMakeFiles/CMakeTmp'
Building C object CMakeFiles/cmTC_14029.dir/CheckFunctionExists.c.o
/usr/bin/cc   -DCHECK_FUNCTION_EXISTS=pthread_create   -o CMakeFiles/cmTC_14029.dir/CheckFunctionExists.c.o   -c /usr/share/cmake-3.10/Modules/CheckFunctionExists.c
Linking C executable cmTC_14029
/usr/bin/cmake -E cmake_link_script CMakeFiles/cmTC_14029.dir/link.txt --verbose=1
/usr/bin/cc  -DCHECK_FUNCTION_EXISTS=pthread_create    -rdynamic CMakeFiles/cmTC_14029.dir/CheckFunctionExists.c.o  -o cmTC_14029 -lpthread 
make[1]: Leaving directory '/home/javier/workspace/glfw-3.3.2/CMakeFiles/CMakeTmp'


Determining if the function XOpenDisplay exists in the /usr/lib/x86_64-linux-gnu/libX11.so passed with the following output:
Change Dir: /home/javier/workspace/glfw-3.3.2/CMakeFiles/CMakeTmp

Run Build Command:"/usr/bin/make" "cmTC_8708b/fast"
/usr/bin/make -f CMakeFiles/cmTC_8708b.dir/build.make CMakeFiles/cmTC_8708b.dir/build
make[1]: Entering directory '/home/javier/workspace/glfw-3.3.2/CMakeFiles/CMakeTmp'
Building C object CMakeFiles/cmTC_8708b.dir/CheckFunctionExists.c.o
/usr/bin/cc   -DCHECK_FUNCTION_EXISTS=XOpenDisplay   -o CMakeFiles/cmTC_8708b.dir/CheckFunctionExists.c.o   -c /usr/share/cmake-3.10/Modules/CheckFunctionExists.c
Linking C executable cmTC_8708b
/usr/bin/cmake -E cmake_link_script CMakeFiles/cmTC_8708b.dir/link.txt --verbose=1
/usr/bin/cc  -DCHECK_FUNCTION_EXISTS=XOpenDisplay    -rdynamic CMakeFiles/cmTC_8708b.dir/CheckFunctionExists.c.o  -o cmTC_8708b /usr/lib/x86_64-linux-gnu/libX11.so 
make[1]: Leaving directory '/home/javier/workspace/glfw-3.3.2/CMakeFiles/CMakeTmp'


Determining if the function gethostbyname exists passed with the following output:
Change Dir: /home/javier/workspace/glfw-3.3.2/CMakeFiles/CMakeTmp

Run Build Command:"/usr/bin/make" "cmTC_11155/fast"
/usr/bin/make -f CMakeFiles/cmTC_11155.dir/build.make CMakeFiles/cmTC_11155.dir/build
make[1]: Entering directory '/home/javier/workspace/glfw-3.3.2/CMakeFiles/CMakeTmp'
Building C object CMakeFiles/cmTC_11155.dir/CheckFunctionExists.c.o
/usr/bin/cc   -DCHECK_FUNCTION_EXISTS=gethostbyname   -o CMakeFiles/cmTC_11155.dir/CheckFunctionExists.c.o   -c /usr/share/cmake-3.10/Modules/CheckFunctionExists.c
Linking C executable cmTC_11155
/usr/bin/cmake -E cmake_link_script CMakeFiles/cmTC_11155.dir/link.txt --verbose=1
/usr/bin/cc  -DCHECK_FUNCTION_EXISTS=gethostbyname    -rdynamic CMakeFiles/cmTC_11155.dir/CheckFunctionExists.c.o  -o cmTC_11155 
make[1]: Leaving directory '/home/javier/workspace/glfw-3.3.2/CMakeFiles/CMakeTmp'


Determining if the function connect exists passed with the following output:
Change Dir: /home/javier/workspace/glfw-3.3.2/CMakeFiles/CMakeTmp

Run Build Command:"/usr/bin/make" "cmTC_fe0ad/fast"
/usr/bin/make -f CMakeFiles/cmTC_fe0ad.dir/build.make CMakeFiles/cmTC_fe0ad.dir/build
make[1]: Entering directory '/home/javier/workspace/glfw-3.3.2/CMakeFiles/CMakeTmp'
Building C object CMakeFiles/cmTC_fe0ad.dir/CheckFunctionExists.c.o
/usr/bin/cc   -DCHECK_FUNCTION_EXISTS=connect   -o CMakeFiles/cmTC_fe0ad.dir/CheckFunctionExists.c.o   -c /usr/share/cmake-3.10/Modules/CheckFunctionExists.c
Linking C executable cmTC_fe0ad
/usr/bin/cmake -E cmake_link_script CMakeFiles/cmTC_fe0ad.dir/link.txt --verbose=1
/usr/bin/cc  -DCHECK_FUNCTION_EXISTS=connect    -rdynamic CMakeFiles/cmTC_fe0ad.dir/CheckFunctionExists.c.o  -o cmTC_fe0ad 
make[1]: Leaving directory '/home/javier/workspace/glfw-3.3.2/CMakeFiles/CMakeTmp'


Determining if the function remove exists passed with the following output:
Change Dir: /home/javier/workspace/glfw-3.3.2/CMakeFiles/CMakeTmp

Run Build Command:"/usr/bin/make" "cmTC_ed527/fast"
/usr/bin/make -f CMakeFiles/cmTC_ed527.dir/build.make CMakeFiles/cmTC_ed527.dir/build
make[1]: Entering directory '/home/javier/workspace/glfw-3.3.2/CMakeFiles/CMakeTmp'
Building C object CMakeFiles/cmTC_ed527.dir/CheckFunctionExists.c.o
/usr/bin/cc   -DCHECK_FUNCTION_EXISTS=remove   -o CMakeFiles/cmTC_ed527.dir/CheckFunctionExists.c.o   -c /usr/share/cmake-3.10/Modules/CheckFunctionExists.c
Linking C executable cmTC_ed527
/usr/bin/cmake -E cmake_link_script CMakeFiles/cmTC_ed527.dir/link.txt --verbose=1
/usr/bin/cc  -DCHECK_FUNCTION_EXISTS=remove    -rdynamic CMakeFiles/cmTC_ed527.dir/CheckFunctionExists.c.o  -o cmTC_ed527 
make[1]: Leaving directory '/home/javier/workspace/glfw-3.3.2/CMakeFiles/CMakeTmp'


Determining if the function shmat exists passed with the following output:
Change Dir: /home/javier/workspace/glfw-3.3.2/CMakeFiles/CMakeTmp

Run Build Command:"/usr/bin/make" "cmTC_c0462/fast"
/usr/bin/make -f CMakeFiles/cmTC_c0462.dir/build.make CMakeFiles/cmTC_c0462.dir/build
make[1]: Entering directory '/home/javier/workspace/glfw-3.3.2/CMakeFiles/CMakeTmp'
Building C object CMakeFiles/cmTC_c0462.dir/CheckFunctionExists.c.o
/usr/bin/cc   -DCHECK_FUNCTION_EXISTS=shmat   -o CMakeFiles/cmTC_c0462.dir/CheckFunctionExists.c.o   -c /usr/share/cmake-3.10/Modules/CheckFunctionExists.c
Linking C executable cmTC_c0462
/usr/bin/cmake -E cmake_link_script CMakeFiles/cmTC_c0462.dir/link.txt --verbose=1
/usr/bin/cc  -DCHECK_FUNCTION_EXISTS=shmat    -rdynamic CMakeFiles/cmTC_c0462.dir/CheckFunctionExists.c.o  -o cmTC_c0462 
make[1]: Leaving directory '/home/javier/workspace/glfw-3.3.2/CMakeFiles/CMakeTmp'


The system is: Linux - 5.3.0-59-generic - x86_64
Compiling the C compiler identification source file "CMakeCCompilerId.c" succeeded.
Compiler: /usr/bin/cc 
Build flags: 
Id flags:  

The output was:
0


Compilation of the C compiler identification source "CMakeCCompilerId.c" produced "a.out"

The C compiler identification is GNU, found in "/home/javier/workspace/opengl-practice/include/glfw-3.3.2/CMakeFiles/3.10.2/CompilerIdC/a.out"

Determining if the C compiler works passed with the following output:
Change Dir: /home/javier/workspace/opengl-practice/include/glfw-3.3.2/CMakeFiles/CMakeTmp

Run Build Command:"/usr/bin/make" "cmTC_39fb5/fast"
/usr/bin/make -f CMakeFiles/cmTC_39fb5.dir/build.make CMakeFiles/cmTC_39fb5.dir/build
make[1]: Entering directory '/home/javier/workspace/opengl-practice/include/glfw-3.3.2/CMakeFiles/CMakeTmp'
Building C object CMakeFiles/cmTC_39fb5.dir/testCCompiler.c.o
/usr/bin/cc    -o CMakeFiles/cmTC_39fb5.dir/testCCompiler.c.o   -c /home/javier/workspace/opengl-practice/include/glfw-3.3.2/CMakeFiles/CMakeTmp/testCCompiler.c
Linking C executable cmTC_39fb5
/usr/bin/cmake -E cmake_link_script CMakeFiles/cmTC_39fb5.dir/link.txt --verbose=1
/usr/bin/cc      -rdynamic CMakeFiles/cmTC_39fb5.dir/testCCompiler.c.o  -o cmTC_39fb5 
make[1]: Leaving directory '/home/javier/workspace/opengl-practice/include/glfw-3.3.2/CMakeFiles/CMakeTmp'


Detecting C compiler ABI info compiled with the following output:
Change Dir: /home/javier/workspace/opengl-practice/include/glfw-3.3.2/CMakeFiles/CMakeTmp

Run Build Command:"/usr/bin/make" "cmTC_4be22/fast"
/usr/bin/make -f CMakeFiles/cmTC_4be22.dir/build.make CMakeFiles/cmTC_4be22.dir/build
make[1]: Entering directory '/home/javier/workspace/opengl-practice/include/glfw-3.3.2/CMakeFiles/CMakeTmp'
Building C object CMakeFiles/cmTC_4be22.dir/CMakeCCompilerABI.c.o
/usr/bin/cc    -o CMakeFiles/cmTC_4be22.dir/CMakeCCompilerABI.c.o   -c /usr/share/cmake-3.10/Modules/CMakeCCompilerABI.c
Linking C executable cmTC_4be22
/usr/bin/cmake -E cmake_link_script CMakeFiles/cmTC_4be22.dir/link.txt --verbose=1
/usr/bin/cc     -v -rdynamic CMakeFiles/cmTC_4be22.dir/CMakeCCompilerABI.c.o  -o cmTC_4be22 
Using built-in specs.
COLLECT_GCC=/usr/bin/cc
COLLECT_LTO_WRAPPER=/usr/lib/gcc/x86_64-linux-gnu/7/lto-wrapper
OFFLOAD_TARGET_NAMES=nvptx-none
OFFLOAD_TARGET_DEFAULT=1
Target: x86_64-linux-gnu
Configured with: ../src/configure -v --with-pkgversion='Ubuntu 7.5.0-3ubuntu1~18.04' --with-bugurl=file:///usr/share/doc/gcc-7/README.Bugs --enable-languages=c,ada,c++,go,brig,d,fortran,objc,obj-c++ --prefix=/usr --with-gcc-major-version-only --program-suffix=-7 --program-prefix=x86_64-linux-gnu- --enable-shared --enable-linker-build-id --libexecdir=/usr/lib --without-included-gettext --enable-threads=posix --libdir=/usr/lib --enable-nls --enable-bootstrap --enable-clocale=gnu --enable-libstdcxx-debug --enable-libstdcxx-time=yes --with-default-libstdcxx-abi=new --enable-gnu-unique-object --disable-vtable-verify --enable-libmpx --enable-plugin --enable-default-pie --with-system-zlib --with-target-system-zlib --enable-objc-gc=auto --enable-multiarch --disable-werror --with-arch-32=i686 --with-abi=m64 --with-multilib-list=m32,m64,mx32 --enable-multilib --with-tune=generic --enable-offload-targets=nvptx-none --without-cuda-driver --enable-checking=release --build=x86_64-linux-gnu --host=x86_64-linux-gnu --target=x86_64-linux-gnu
Thread model: posix
gcc version 7.5.0 (Ubuntu 7.5.0-3ubuntu1~18.04) 
COMPILER_PATH=/usr/lib/gcc/x86_64-linux-gnu/7/:/usr/lib/gcc/x86_64-linux-gnu/7/:/usr/lib/gcc/x86_64-linux-gnu/:/usr/lib/gcc/x86_64-linux-gnu/7/:/usr/lib/gcc/x86_64-linux-gnu/
LIBRARY_PATH=/usr/lib/gcc/x86_64-linux-gnu/7/:/usr/lib/gcc/x86_64-linux-gnu/7/../../../x86_64-linux-gnu/:/usr/lib/gcc/x86_64-linux-gnu/7/../../../../lib/:/lib/x86_64-linux-gnu/:/lib/../lib/:/usr/lib/x86_64-linux-gnu/:/usr/lib/../lib/:/usr/lib/gcc/x86_64-linux-gnu/7/../../../:/lib/:/usr/lib/
COLLECT_GCC_OPTIONS='-v' '-rdynamic' '-o' 'cmTC_4be22' '-mtune=generic' '-march=x86-64'
 /usr/lib/gcc/x86_64-linux-gnu/7/collect2 -plugin /usr/lib/gcc/x86_64-linux-gnu/7/liblto_plugin.so -plugin-opt=/usr/lib/gcc/x86_64-linux-gnu/7/lto-wrapper -plugin-opt=-fresolution=/tmp/ccnw4bq2.res -plugin-opt=-pass-through=-lgcc -plugin-opt=-pass-through=-lgcc_s -plugin-opt=-pass-through=-lc -plugin-opt=-pass-through=-lgcc -plugin-opt=-pass-through=-lgcc_s --build-id --eh-frame-hdr -m elf_x86_64 --hash-style=gnu --as-needed -export-dynamic -dynamic-linker /lib64/ld-linux-x86-64.so.2 -pie -z now -z relro -o cmTC_4be22 /usr/lib/gcc/x86_64-linux-gnu/7/../../../x86_64-linux-gnu/Scrt1.o /usr/lib/gcc/x86_64-linux-gnu/7/../../../x86_64-linux-gnu/crti.o /usr/lib/gcc/x86_64-linux-gnu/7/crtbeginS.o -L/usr/lib/gcc/x86_64-linux-gnu/7 -L/usr/lib/gcc/x86_64-linux-gnu/7/../../../x86_64-linux-gnu -L/usr/lib/gcc/x86_64-linux-gnu/7/../../../../lib -L/lib/x86_64-linux-gnu -L/lib/../lib -L/usr/lib/x86_64-linux-gnu -L/usr/lib/../lib -L/usr/lib/gcc/x86_64-linux-gnu/7/../../.. CMakeFiles/cmTC_4be22.dir/CMakeCCompilerABI.c.o -lgcc --push-state --as-needed -lgcc_s --pop-state -lc -lgcc --push-state --as-needed -lgcc_s --pop-state /usr/lib/gcc/x86_64-linux-gnu/7/crtendS.o /usr/lib/gcc/x86_64-linux-gnu/7/../../../x86_64-linux-gnu/crtn.o
COLLECT_GCC_OPTIONS='-v' '-rdynamic' '-o' 'cmTC_4be22' '-mtune=generic' '-march=x86-64'
make[1]: Leaving directory '/home/javier/workspace/opengl-practice/include/glfw-3.3.2/CMakeFiles/CMakeTmp'


Parsed C implicit link information from above output:
  link line regex: [^( *|.*[/\])(ld|CMAKE_LINK_STARTFILE-NOTFOUND|([^/\]+-)?ld|collect2)[^/\]*( |$)]
  ignore line: [Change Dir: /home/javier/workspace/opengl-practice/include/glfw-3.3.2/CMakeFiles/CMakeTmp]
  ignore line: []
  ignore line: [Run Build Command:"/usr/bin/make" "cmTC_4be22/fast"]
  ignore line: [/usr/bin/make -f CMakeFiles/cmTC_4be22.dir/build.make CMakeFiles/cmTC_4be22.dir/build]
  ignore line: [make[1]: Entering directory '/home/javier/workspace/opengl-practice/include/glfw-3.3.2/CMakeFiles/CMakeTmp']
  ignore line: [Building C object CMakeFiles/cmTC_4be22.dir/CMakeCCompilerABI.c.o]
  ignore line: [/usr/bin/cc    -o CMakeFiles/cmTC_4be22.dir/CMakeCCompilerABI.c.o   -c /usr/share/cmake-3.10/Modules/CMakeCCompilerABI.c]
  ignore line: [Linking C executable cmTC_4be22]
  ignore line: [/usr/bin/cmake -E cmake_link_script CMakeFiles/cmTC_4be22.dir/link.txt --verbose=1]
  ignore line: [/usr/bin/cc     -v -rdynamic CMakeFiles/cmTC_4be22.dir/CMakeCCompilerABI.c.o  -o cmTC_4be22 ]
  ignore line: [Using built-in specs.]
  ignore line: [COLLECT_GCC=/usr/bin/cc]
  ignore line: [COLLECT_LTO_WRAPPER=/usr/lib/gcc/x86_64-linux-gnu/7/lto-wrapper]
  ignore line: [OFFLOAD_TARGET_NAMES=nvptx-none]
  ignore line: [OFFLOAD_TARGET_DEFAULT=1]
  ignore line: [Target: x86_64-linux-gnu]
  ignore line: [Configured with: ../src/configure -v --with-pkgversion='Ubuntu 7.5.0-3ubuntu1~18.04' --with-bugurl=file:///usr/share/doc/gcc-7/README.Bugs --enable-languages=c,ada,c++,go,brig,d,fortran,objc,obj-c++ --prefix=/usr --with-gcc-major-version-only --program-suffix=-7 --program-prefix=x86_64-linux-gnu- --enable-shared --enable-linker-build-id --libexecdir=/usr/lib --without-included-gettext --enable-threads=posix --libdir=/usr/lib --enable-nls --enable-bootstrap --enable-clocale=gnu --enable-libstdcxx-debug --enable-libstdcxx-time=yes --with-default-libstdcxx-abi=new --enable-gnu-unique-object --disable-vtable-verify --enable-libmpx --enable-plugin --enable-default-pie --with-system-zlib --with-target-system-zlib --enable-objc-gc=auto --enable-multiarch --disable-werror --with-arch-32=i686 --with-abi=m64 --with-multilib-list=m32,m64,mx32 --enable-multilib --with-tune=generic --enable-offload-targets=nvptx-none --without-cuda-driver --enable-checking=release --build=x86_64-linux-gnu --host=x86_64-linux-gnu --target=x86_64-linux-gnu]
  ignore line: [Thread model: posix]
  ignore line: [gcc version 7.5.0 (Ubuntu 7.5.0-3ubuntu1~18.04) ]
  ignore line: [COMPILER_PATH=/usr/lib/gcc/x86_64-linux-gnu/7/:/usr/lib/gcc/x86_64-linux-gnu/7/:/usr/lib/gcc/x86_64-linux-gnu/:/usr/lib/gcc/x86_64-linux-gnu/7/:/usr/lib/gcc/x86_64-linux-gnu/]
  ignore line: [LIBRARY_PATH=/usr/lib/gcc/x86_64-linux-gnu/7/:/usr/lib/gcc/x86_64-linux-gnu/7/../../../x86_64-linux-gnu/:/usr/lib/gcc/x86_64-linux-gnu/7/../../../../lib/:/lib/x86_64-linux-gnu/:/lib/../lib/:/usr/lib/x86_64-linux-gnu/:/usr/lib/../lib/:/usr/lib/gcc/x86_64-linux-gnu/7/../../../:/lib/:/usr/lib/]
  ignore line: [COLLECT_GCC_OPTIONS='-v' '-rdynamic' '-o' 'cmTC_4be22' '-mtune=generic' '-march=x86-64']
  link line: [ /usr/lib/gcc/x86_64-linux-gnu/7/collect2 -plugin /usr/lib/gcc/x86_64-linux-gnu/7/liblto_plugin.so -plugin-opt=/usr/lib/gcc/x86_64-linux-gnu/7/lto-wrapper -plugin-opt=-fresolution=/tmp/ccnw4bq2.res -plugin-opt=-pass-through=-lgcc -plugin-opt=-pass-through=-lgcc_s -plugin-opt=-pass-through=-lc -plugin-opt=-pass-through=-lgcc -plugin-opt=-pass-through=-lgcc_s --build-id --eh-frame-hdr -m elf_x86_64 --hash-style=gnu --as-needed -export-dynamic -dynamic-linker /lib64/ld-linux-x86-64.so.2 -pie -z now -z relro -o cmTC_4be22 /usr/lib/gcc/x86_64-linux-gnu/7/../../../x86_64-linux-gnu/Scrt1.o /usr/lib/gcc/x86_64-linux-gnu/7/../../../x86_64-linux-gnu/crti.o /usr/lib/gcc/x86_64-linux-gnu/7/crtbeginS.o -L/usr/lib/gcc/x86_64-linux-gnu/7 -L/usr/lib/gcc/x86_64-linux-gnu/7/../../../x86_64-linux-gnu -L/usr/lib/gcc/x86_64-linux-gnu/7/../../../../lib -L/lib/x86_64-linux-gnu -L/lib/../lib -L/usr/lib/x86_64-linux-gnu -L/usr/lib/../lib -L/usr/lib/gcc/x86_64-linux-gnu/7/../../.. CMakeFiles/cmTC_4be22.dir/CMakeCCompilerABI.c.o -lgcc --push-state --as-needed -lgcc_s --pop-state -lc -lgcc --push-state --as-needed -lgcc_s --pop-state /usr/lib/gcc/x86_64-linux-gnu/7/crtendS.o /usr/lib/gcc/x86_64-linux-gnu/7/../../../x86_64-linux-gnu/crtn.o]
    arg [/usr/lib/gcc/x86_64-linux-gnu/7/collect2] ==> ignore
    arg [-plugin] ==> ignore
    arg [/usr/lib/gcc/x86_64-linux-gnu/7/liblto_plugin.so] ==> ignore
    arg [-plugin-opt=/usr/lib/gcc/x86_64-linux-gnu/7/lto-wrapper] ==> ignore
    arg [-plugin-opt=-fresolution=/tmp/ccnw4bq2.res] ==> ignore
    arg [-plugin-opt=-pass-through=-lgcc] ==> ignore
    arg [-plugin-opt=-pass-through=-lgcc_s] ==> ignore
    arg [-plugin-opt=-pass-through=-lc] ==> ignore
    arg [-plugin-opt=-pass-through=-lgcc] ==> ignore
    arg [-plugin-opt=-pass-through=-lgcc_s] ==> ignore
    arg [--build-id] ==> ignore
    arg [--eh-frame-hdr] ==> ignore
    arg [-m] ==> ignore
    arg [elf_x86_64] ==> ignore
    arg [--hash-style=gnu] ==> ignore
    arg [--as-needed] ==> ignore
    arg [-export-dynamic] ==> ignore
    arg [-dynamic-linker] ==> ignore
    arg [/lib64/ld-linux-x86-64.so.2] ==> ignore
    arg [-pie] ==> ignore
    arg [-znow] ==> ignore
    arg [-zrelro] ==> ignore
    arg [-o] ==> ignore
    arg [cmTC_4be22] ==> ignore
    arg [/usr/lib/gcc/x86_64-linux-gnu/7/../../../x86_64-linux-gnu/Scrt1.o] ==> ignore
    arg [/usr/lib/gcc/x86_64-linux-gnu/7/../../../x86_64-linux-gnu/crti.o] ==> ignore
    arg [/usr/lib/gcc/x86_64-linux-gnu/7/crtbeginS.o] ==> ignore
    arg [-L/usr/lib/gcc/x86_64-linux-gnu/7] ==> dir [/usr/lib/gcc/x86_64-linux-gnu/7]
    arg [-L/usr/lib/gcc/x86_64-linux-gnu/7/../../../x86_64-linux-gnu] ==> dir [/usr/lib/gcc/x86_64-linux-gnu/7/../../../x86_64-linux-gnu]
    arg [-L/usr/lib/gcc/x86_64-linux-gnu/7/../../../../lib] ==> dir [/usr/lib/gcc/x86_64-linux-gnu/7/../../../../lib]
    arg [-L/lib/x86_64-linux-gnu] ==> dir [/lib/x86_64-linux-gnu]
    arg [-L/lib/../lib] ==> dir [/lib/../lib]
    arg [-L/usr/lib/x86_64-linux-gnu] ==> dir [/usr/lib/x86_64-linux-gnu]
    arg [-L/usr/lib/../lib] ==> dir [/usr/lib/../lib]
    arg [-L/usr/lib/gcc/x86_64-linux-gnu/7/../../..] ==> dir [/usr/lib/gcc/x86_64-linux-gnu/7/../../..]
    arg [CMakeFiles/cmTC_4be22.dir/CMakeCCompilerABI.c.o] ==> ignore
    arg [-lgcc] ==> lib [gcc]
    arg [--push-state] ==> ignore
    arg [--as-needed] ==> ignore
    arg [-lgcc_s] ==> lib [gcc_s]
    arg [--pop-state] ==> ignore
    arg [-lc] ==> lib [c]
    arg [-lgcc] ==> lib [gcc]
    arg [--push-state] ==> ignore
    arg [--as-needed] ==> ignore
    arg [-lgcc_s] ==> lib [gcc_s]
    arg [--pop-state] ==> ignore
    arg [/usr/lib/gcc/x86_64-linux-gnu/7/crtendS.o] ==> ignore
    arg [/usr/lib/gcc/x86_64-linux-gnu/7/../../../x86_64-linux-gnu/crtn.o] ==> ignore
  collapse library dir [/usr/lib/gcc/x86_64-linux-gnu/7] ==> [/usr/lib/gcc/x86_64-linux-gnu/7]
  collapse library dir [/usr/lib/gcc/x86_64-linux-gnu/7/../../../x86_64-linux-gnu] ==> [/usr/lib/x86_64-linux-gnu]
  collapse library dir [/usr/lib/gcc/x86_64-linux-gnu/7/../../../../lib] ==> [/usr/lib]
  collapse library dir [/lib/x86_64-linux-gnu] ==> [/lib/x86_64-linux-gnu]
  collapse library dir [/lib/../lib] ==> [/lib]
  collapse library dir [/usr/lib/x86_64-linux-gnu] ==> [/usr/lib/x86_64-linux-gnu]
  collapse library dir [/usr/lib/../lib] ==> [/usr/lib]
  collapse library dir [/usr/lib/gcc/x86_64-linux-gnu/7/../../..] ==> [/usr/lib]
  implicit libs: [gcc;gcc_s;c;gcc;gcc_s]
  implicit dirs: [/usr/lib/gcc/x86_64-linux-gnu/7;/usr/lib/x86_64-linux-gnu;/usr/lib;/lib/x86_64-linux-gnu;/lib]
  implicit fwks: []




Detecting C [-std=c11] compiler features compiled with the following output:
Change Dir: /home/javier/workspace/opengl-practice/include/glfw-3.3.2/CMakeFiles/CMakeTmp

Run Build Command:"/usr/bin/make" "cmTC_9cb8b/fast"
/usr/bin/make -f CMakeFiles/cmTC_9cb8b.dir/build.make CMakeFiles/cmTC_9cb8b.dir/build
make[1]: Entering directory '/home/javier/workspace/opengl-practice/include/glfw-3.3.2/CMakeFiles/CMakeTmp'
Building C object CMakeFiles/cmTC_9cb8b.dir/feature_tests.c.o
/usr/bin/cc   -std=c11 -o CMakeFiles/cmTC_9cb8b.dir/feature_tests.c.o   -c /home/javier/workspace/opengl-practice/include/glfw-3.3.2/CMakeFiles/feature_tests.c
Linking C executable cmTC_9cb8b
/usr/bin/cmake -E cmake_link_script CMakeFiles/cmTC_9cb8b.dir/link.txt --verbose=1
/usr/bin/cc      -rdynamic CMakeFiles/cmTC_9cb8b.dir/feature_tests.c.o  -o cmTC_9cb8b 
make[1]: Leaving directory '/home/javier/workspace/opengl-practice/include/glfw-3.3.2/CMakeFiles/CMakeTmp'


    Feature record: C_FEATURE:1c_function_prototypes
    Feature record: C_FEATURE:1c_restrict
    Feature record: C_FEATURE:1c_static_assert
    Feature record: C_FEATURE:1c_variadic_macros


Detecting C [-std=c99] compiler features compiled with the following output:
Change Dir: /home/javier/workspace/opengl-practice/include/glfw-3.3.2/CMakeFiles/CMakeTmp

Run Build Command:"/usr/bin/make" "cmTC_1b716/fast"
/usr/bin/make -f CMakeFiles/cmTC_1b716.dir/build.make CMakeFiles/cmTC_1b716.dir/build
make[1]: Entering directory '/home/javier/workspace/opengl-practice/include/glfw-3.3.2/CMakeFiles/CMakeTmp'
Building C object CMakeFiles/cmTC_1b716.dir/feature_tests.c.o
/usr/bin/cc   -std=c99 -o CMakeFiles/cmTC_1b716.dir/feature_tests.c.o   -c /home/javier/workspace/opengl-practice/include/glfw-3.3.2/CMakeFiles/feature_tests.c
Linking C executable cmTC_1b716
/usr/bin/cmake -E cmake_link_script CMakeFiles/cmTC_1b716.dir/link.txt --verbose=1
/usr/bin/cc      -rdynamic CMakeFiles/cmTC_1b716.dir/feature_tests.c.o  -o cmTC_1b716 
make[1]: Leaving directory '/home/javier/workspace/opengl-practice/include/glfw-3.3.2/CMakeFiles/CMakeTmp'


    Feature record: C_FEATURE:1c_function_prototypes
    Feature record: C_FEATURE:1c_restrict
    Feature record: C_FEATURE:0c_static_assert
    Feature record: C_FEATURE:1c_variadic_macros


Detecting C [-std=c90] compiler features compiled with the following output:
Change Dir: /home/javier/workspace/opengl-practice/include/glfw-3.3.2/CMakeFiles/CMakeTmp

Run Build Command:"/usr/bin/make" "cmTC_e5413/fast"
/usr/bin/make -f CMakeFiles/cmTC_e5413.dir/build.make CMakeFiles/cmTC_e5413.dir/build
make[1]: Entering directory '/home/javier/workspace/opengl-practice/include/glfw-3.3.2/CMakeFiles/CMakeTmp'
Building C object CMakeFiles/cmTC_e5413.dir/feature_tests.c.o
/usr/bin/cc   -std=c90 -o CMakeFiles/cmTC_e5413.dir/feature_tests.c.o   -c /home/javier/workspace/opengl-practice/include/glfw-3.3.2/CMakeFiles/feature_tests.c
Linking C executable cmTC_e5413
/usr/bin/cmake -E cmake_link_script CMakeFiles/cmTC_e5413.dir/link.txt --verbose=1
/usr/bin/cc      -rdynamic CMakeFiles/cmTC_e5413.dir/feature_tests.c.o  -o cmTC_e5413 
make[1]: Leaving directory '/home/javier/workspace/opengl-practice/include/glfw-3.3.2/CMakeFiles/CMakeTmp'


    Feature record: C_FEATURE:1c_function_prototypes
    Feature record: C_FEATURE:0c_restrict
    Feature record: C_FEATURE:0c_static_assert
    Feature record: C_FEATURE:0c_variadic_macros
Determining if the include file pthread.h exists passed with the following output:
Change Dir: /home/javier/workspace/opengl-practice/include/glfw-3.3.2/CMakeFiles/CMakeTmp

Run Build Command:"/usr/bin/make" "cmTC_5ed57/fast"
/usr/bin/make -f CMakeFiles/cmTC_5ed57.dir/build.make CMakeFiles/cmTC_5ed57.dir/build
make[1]: Entering directory '/home/javier/workspace/opengl-practice/include/glfw-3.3.2/CMakeFiles/CMakeTmp'
Building C object CMakeFiles/cmTC_5ed57.dir/CheckIncludeFile.c.o
/usr/bin/cc    -o CMakeFiles/cmTC_5ed57.dir/CheckIncludeFile.c.o   -c /home/javier/workspace/opengl-practice/include/glfw-3.3.2/CMakeFiles/CMakeTmp/CheckIncludeFile.c
Linking C executable cmTC_5ed57
/usr/bin/cmake -E cmake_link_script CMakeFiles/cmTC_5ed57.dir/link.txt --verbose=1
/usr/bin/cc      -rdynamic CMakeFiles/cmTC_5ed57.dir/CheckIncludeFile.c.o  -o cmTC_5ed57 
make[1]: Leaving directory '/home/javier/workspace/opengl-practice/include/glfw-3.3.2/CMakeFiles/CMakeTmp'


Determining if the function pthread_create exists in the pthread passed with the following output:
Change Dir: /home/javier/workspace/opengl-practice/include/glfw-3.3.2/CMakeFiles/CMakeTmp

Run Build Command:"/usr/bin/make" "cmTC_8a69f/fast"
/usr/bin/make -f CMakeFiles/cmTC_8a69f.dir/build.make CMakeFiles/cmTC_8a69f.dir/build
make[1]: Entering directory '/home/javier/workspace/opengl-practice/include/glfw-3.3.2/CMakeFiles/CMakeTmp'
Building C object CMakeFiles/cmTC_8a69f.dir/CheckFunctionExists.c.o
/usr/bin/cc   -DCHECK_FUNCTION_EXISTS=pthread_create   -o CMakeFiles/cmTC_8a69f.dir/CheckFunctionExists.c.o   -c /usr/share/cmake-3.10/Modules/CheckFunctionExists.c
Linking C executable cmTC_8a69f
/usr/bin/cmake -E cmake_link_script CMakeFiles/cmTC_8a69f.dir/link.txt --verbose=1
/usr/bin/cc  -DCHECK_FUNCTION_EXISTS=pthread_create    -rdynamic CMakeFiles/cmTC_8a69f.dir/CheckFunctionExists.c.o  -o cmTC_8a69f -lpthread 
make[1]: Leaving directory '/home/javier/workspace/opengl-practice/include/glfw-3.3.2/CMakeFiles/CMakeTmp'


Determining if the function XOpenDisplay exists in the /usr/lib/x86_64-linux-gnu/libX11.so;/usr/lib/x86_64-linux-gnu/libXext.so passed with the following output:
Change Dir: /home/javier/workspace/opengl-practice/include/glfw-3.3.2/CMakeFiles/CMakeTmp

Run Build Command:"/usr/bin/make" "cmTC_b0709/fast"
/usr/bin/make -f CMakeFiles/cmTC_b0709.dir/build.make CMakeFiles/cmTC_b0709.dir/build
make[1]: Entering directory '/home/javier/workspace/opengl-practice/include/glfw-3.3.2/CMakeFiles/CMakeTmp'
Building C object CMakeFiles/cmTC_b0709.dir/CheckFunctionExists.c.o
/usr/bin/cc   -DCHECK_FUNCTION_EXISTS=XOpenDisplay   -o CMakeFiles/cmTC_b0709.dir/CheckFunctionExists.c.o   -c /usr/share/cmake-3.10/Modules/CheckFunctionExists.c
Linking C executable cmTC_b0709
/usr/bin/cmake -E cmake_link_script CMakeFiles/cmTC_b0709.dir/link.txt --verbose=1
/usr/bin/cc  -DCHECK_FUNCTION_EXISTS=XOpenDisplay    -rdynamic CMakeFiles/cmTC_b0709.dir/CheckFunctionExists.c.o  -o cmTC_b0709 /usr/lib/x86_64-linux-gnu/libX11.so /usr/lib/x86_64-linux-gnu/libXext.so 
make[1]: Leaving directory '/home/javier/workspace/opengl-practice/include/glfw-3.3.2/CMakeFiles/CMakeTmp'


Determining if the function gethostbyname exists passed with the following output:
Change Dir: /home/javier/workspace/opengl-practice/include/glfw-3.3.2/CMakeFiles/CMakeTmp

Run Build Command:"/usr/bin/make" "cmTC_194ec/fast"
/usr/bin/make -f CMakeFiles/cmTC_194ec.dir/build.make CMakeFiles/cmTC_194ec.dir/build
make[1]: Entering directory '/home/javier/workspace/opengl-practice/include/glfw-3.3.2/CMakeFiles/CMakeTmp'
Building C object CMakeFiles/cmTC_194ec.dir/CheckFunctionExists.c.o
/usr/bin/cc   -DCHECK_FUNCTION_EXISTS=gethostbyname   -o CMakeFiles/cmTC_194ec.dir/CheckFunctionExists.c.o   -c /usr/share/cmake-3.10/Modules/CheckFunctionExists.c
Linking C executable cmTC_194ec
/usr/bin/cmake -E cmake_link_script CMakeFiles/cmTC_194ec.dir/link.txt --verbose=1
/usr/bin/cc  -DCHECK_FUNCTION_EXISTS=gethostbyname    -rdynamic CMakeFiles/cmTC_194ec.dir/CheckFunctionExists.c.o  -o cmTC_194ec 
make[1]: Leaving directory '/home/javier/workspace/opengl-practice/include/glfw-3.3.2/CMakeFiles/CMakeTmp'


Determining if the function connect exists passed with the following output:
Change Dir: /home/javier/workspace/opengl-practice/include/glfw-3.3.2/CMakeFiles/CMakeTmp

Run Build Command:"/usr/bin/make" "cmTC_32580/fast"
/usr/bin/make -f CMakeFiles/cmTC_32580.dir/build.make CMakeFiles/cmTC_32580.dir/build
make[1]: Entering directory '/home/javier/workspace/opengl-practice/include/glfw-3.3.2/CMakeFiles/CMakeTmp'
Building C object CMakeFiles/cmTC_32580.dir/CheckFunctionExists.c.o
/usr/bin/cc   -DCHECK_FUNCTION_EXISTS=connect   -o CMakeFiles/cmTC_32580.dir/CheckFunctionExists.c.o   -c /usr/share/cmake-3.10/Modules/CheckFunctionExists.c
Linking C executable cmTC_32580
/usr/bin/cmake -E cmake_link_script CMakeFiles/cmTC_32580.dir/link.txt --verbose=1
/usr/bin/cc  -DCHECK_FUNCTION_EXISTS=connect    -rdynamic CMakeFiles/cmTC_32580.dir/CheckFunctionExists.c.o  -o cmTC_32580 
make[1]: Leaving directory '/home/javier/workspace/opengl-practice/include/glfw-3.3.2/CMakeFiles/CMakeTmp'


Determining if the function remove exists passed with the following output:
Change Dir: /home/javier/workspace/opengl-practice/include/glfw-3.3.2/CMakeFiles/CMakeTmp

Run Build Command:"/usr/bin/make" "cmTC_0ced5/fast"
/usr/bin/make -f CMakeFiles/cmTC_0ced5.dir/build.make CMakeFiles/cmTC_0ced5.dir/build
make[1]: Entering directory '/home/javier/workspace/opengl-practice/include/glfw-3.3.2/CMakeFiles/CMakeTmp'
Building C object CMakeFiles/cmTC_0ced5.dir/CheckFunctionExists.c.o
/usr/bin/cc   -DCHECK_FUNCTION_EXISTS=remove   -o CMakeFiles/cmTC_0ced5.dir/CheckFunctionExists.c.o   -c /usr/share/cmake-3.10/Modules/CheckFunctionExists.c
Linking C executable cmTC_0ced5
/usr/bin/cmake -E cmake_link_script CMakeFiles/cmTC_0ced5.dir/link.txt --verbose=1
/usr/bin/cc  -DCHECK_FUNCTION_EXISTS=remove    -rdynamic CMakeFiles/cmTC_0ced5.dir/CheckFunctionExists.c.o  -o cmTC_0ced5 
make[1]: Leaving directory '/home/javier/workspace/opengl-practice/include/glfw-3.3.2/CMakeFiles/CMakeTmp'


Determining if the function shmat exists passed with the following output:
Change Dir: /home/javier/workspace/opengl-practice/include/glfw-3.3.2/CMakeFiles/CMakeTmp

Run Build Command:"/usr/bin/make" "cmTC_a4d01/fast"
/usr/bin/make -f CMakeFiles/cmTC_a4d01.dir/build.make CMakeFiles/cmTC_a4d01.dir/build
make[1]: Entering directory '/home/javier/workspace/opengl-practice/include/glfw-3.3.2/CMakeFiles/CMakeTmp'
Building C object CMakeFiles/cmTC_a4d01.dir/CheckFunctionExists.c.o
/usr/bin/cc   -DCHECK_FUNCTION_EXISTS=shmat   -o CMakeFiles/cmTC_a4d01.dir/CheckFunctionExists.c.o   -c /usr/share/cmake-3.10/Modules/CheckFunctionExists.c
Linking C executable cmTC_a4d01
/usr/bin/cmake -E cmake_link_script CMakeFiles/cmTC_a4d01.dir/link.txt --verbose=1
/usr/bin/cc  -DCHECK_FUNCTION_EXISTS=shmat    -rdynamic CMakeFiles/cmTC_a4d01.dir/CheckFunctionExists.c.o  -o cmTC_a4d01 
make[1]: Leaving directory '/home/javier/workspace/opengl-practice/include/glfw-3.3.2/CMakeFiles/CMakeTmp'


