Determining if the pthread_create exist failed with the following output:
Change Dir: /home/javier/workspace/glfw-3.3.2/CMakeFiles/CMakeTmp

Run Build Command:"/usr/bin/make" "cmTC_1d2ea/fast"
/usr/bin/make -f CMakeFiles/cmTC_1d2ea.dir/build.make CMakeFiles/cmTC_1d2ea.dir/build
make[1]: Entering directory '/home/javier/workspace/glfw-3.3.2/CMakeFiles/CMakeTmp'
Building C object CMakeFiles/cmTC_1d2ea.dir/CheckSymbolExists.c.o
/usr/bin/cc    -o CMakeFiles/cmTC_1d2ea.dir/CheckSymbolExists.c.o   -c /home/javier/workspace/glfw-3.3.2/CMakeFiles/CMakeTmp/CheckSymbolExists.c
Linking C executable cmTC_1d2ea
/usr/bin/cmake -E cmake_link_script CMakeFiles/cmTC_1d2ea.dir/link.txt --verbose=1
/usr/bin/cc      -rdynamic CMakeFiles/cmTC_1d2ea.dir/CheckSymbolExists.c.o  -o cmTC_1d2ea 
CMakeFiles/cmTC_1d2ea.dir/CheckSymbolExists.c.o: In function `main':
CheckSymbolExists.c:(.text+0x1b): undefined reference to `pthread_create'
collect2: error: ld returned 1 exit status
CMakeFiles/cmTC_1d2ea.dir/build.make:97: recipe for target 'cmTC_1d2ea' failed
make[1]: *** [cmTC_1d2ea] Error 1
make[1]: Leaving directory '/home/javier/workspace/glfw-3.3.2/CMakeFiles/CMakeTmp'
Makefile:126: recipe for target 'cmTC_1d2ea/fast' failed
make: *** [cmTC_1d2ea/fast] Error 2

File /home/javier/workspace/glfw-3.3.2/CMakeFiles/CMakeTmp/CheckSymbolExists.c:
/* */
#include <pthread.h>

int main(int argc, char** argv)
{
  (void)argv;
#ifndef pthread_create
  return ((int*)(&pthread_create))[argc];
#else
  (void)argc;
  return 0;
#endif
}

Determining if the function pthread_create exists in the pthreads failed with the following output:
Change Dir: /home/javier/workspace/glfw-3.3.2/CMakeFiles/CMakeTmp

Run Build Command:"/usr/bin/make" "cmTC_91c1b/fast"
/usr/bin/make -f CMakeFiles/cmTC_91c1b.dir/build.make CMakeFiles/cmTC_91c1b.dir/build
make[1]: Entering directory '/home/javier/workspace/glfw-3.3.2/CMakeFiles/CMakeTmp'
Building C object CMakeFiles/cmTC_91c1b.dir/CheckFunctionExists.c.o
/usr/bin/cc   -DCHECK_FUNCTION_EXISTS=pthread_create   -o CMakeFiles/cmTC_91c1b.dir/CheckFunctionExists.c.o   -c /usr/share/cmake-3.10/Modules/CheckFunctionExists.c
Linking C executable cmTC_91c1b
/usr/bin/cmake -E cmake_link_script CMakeFiles/cmTC_91c1b.dir/link.txt --verbose=1
/usr/bin/cc  -DCHECK_FUNCTION_EXISTS=pthread_create    -rdynamic CMakeFiles/cmTC_91c1b.dir/CheckFunctionExists.c.o  -o cmTC_91c1b -lpthreads 
/usr/bin/ld: cannot find -lpthreads
collect2: error: ld returned 1 exit status
CMakeFiles/cmTC_91c1b.dir/build.make:97: recipe for target 'cmTC_91c1b' failed
make[1]: *** [cmTC_91c1b] Error 1
make[1]: Leaving directory '/home/javier/workspace/glfw-3.3.2/CMakeFiles/CMakeTmp'
Makefile:126: recipe for target 'cmTC_91c1b/fast' failed
make: *** [cmTC_91c1b/fast] Error 2


Determining if the pthread_create exist failed with the following output:
Change Dir: /home/javier/workspace/opengl-practice/include/glfw-3.3.2/CMakeFiles/CMakeTmp

Run Build Command:"/usr/bin/make" "cmTC_29e20/fast"
/usr/bin/make -f CMakeFiles/cmTC_29e20.dir/build.make CMakeFiles/cmTC_29e20.dir/build
make[1]: Entering directory '/home/javier/workspace/opengl-practice/include/glfw-3.3.2/CMakeFiles/CMakeTmp'
Building C object CMakeFiles/cmTC_29e20.dir/CheckSymbolExists.c.o
/usr/bin/cc    -o CMakeFiles/cmTC_29e20.dir/CheckSymbolExists.c.o   -c /home/javier/workspace/opengl-practice/include/glfw-3.3.2/CMakeFiles/CMakeTmp/CheckSymbolExists.c
Linking C executable cmTC_29e20
/usr/bin/cmake -E cmake_link_script CMakeFiles/cmTC_29e20.dir/link.txt --verbose=1
/usr/bin/cc      -rdynamic CMakeFiles/cmTC_29e20.dir/CheckSymbolExists.c.o  -o cmTC_29e20 
CMakeFiles/cmTC_29e20.dir/CheckSymbolExists.c.o: In function `main':
CheckSymbolExists.c:(.text+0x1b): undefined reference to `pthread_create'
collect2: error: ld returned 1 exit status
CMakeFiles/cmTC_29e20.dir/build.make:97: recipe for target 'cmTC_29e20' failed
make[1]: *** [cmTC_29e20] Error 1
make[1]: Leaving directory '/home/javier/workspace/opengl-practice/include/glfw-3.3.2/CMakeFiles/CMakeTmp'
Makefile:126: recipe for target 'cmTC_29e20/fast' failed
make: *** [cmTC_29e20/fast] Error 2

File /home/javier/workspace/opengl-practice/include/glfw-3.3.2/CMakeFiles/CMakeTmp/CheckSymbolExists.c:
/* */
#include <pthread.h>

int main(int argc, char** argv)
{
  (void)argv;
#ifndef pthread_create
  return ((int*)(&pthread_create))[argc];
#else
  (void)argc;
  return 0;
#endif
}

Determining if the function pthread_create exists in the pthreads failed with the following output:
Change Dir: /home/javier/workspace/opengl-practice/include/glfw-3.3.2/CMakeFiles/CMakeTmp

Run Build Command:"/usr/bin/make" "cmTC_bdfd9/fast"
/usr/bin/make -f CMakeFiles/cmTC_bdfd9.dir/build.make CMakeFiles/cmTC_bdfd9.dir/build
make[1]: Entering directory '/home/javier/workspace/opengl-practice/include/glfw-3.3.2/CMakeFiles/CMakeTmp'
Building C object CMakeFiles/cmTC_bdfd9.dir/CheckFunctionExists.c.o
/usr/bin/cc   -DCHECK_FUNCTION_EXISTS=pthread_create   -o CMakeFiles/cmTC_bdfd9.dir/CheckFunctionExists.c.o   -c /usr/share/cmake-3.10/Modules/CheckFunctionExists.c
Linking C executable cmTC_bdfd9
/usr/bin/cmake -E cmake_link_script CMakeFiles/cmTC_bdfd9.dir/link.txt --verbose=1
/usr/bin/cc  -DCHECK_FUNCTION_EXISTS=pthread_create    -rdynamic CMakeFiles/cmTC_bdfd9.dir/CheckFunctionExists.c.o  -o cmTC_bdfd9 -lpthreads 
/usr/bin/ld: cannot find -lpthreads
collect2: error: ld returned 1 exit status
CMakeFiles/cmTC_bdfd9.dir/build.make:97: recipe for target 'cmTC_bdfd9' failed
make[1]: *** [cmTC_bdfd9] Error 1
make[1]: Leaving directory '/home/javier/workspace/opengl-practice/include/glfw-3.3.2/CMakeFiles/CMakeTmp'
Makefile:126: recipe for target 'cmTC_bdfd9/fast' failed
make: *** [cmTC_bdfd9/fast] Error 2


